(------------------------------------------------------------)
(                                                            )
(                    NC DRILL LOG FILE                       )
(                                                            )
(        Drawing    : ctc072.brd                             )
(        Date/Time  : Fri Dec 31 17:53:56 2010               )
(                                                            )
(------------------------------------------------------------)



 Processing NC Parameters file ...

 NC PARAMETERS
 -------------

 FORMAT   		2.5
 MACHINE-OFFSET		x:0.000000	y:0.000000
 FEEDRATE		1
 COORDINATES		ABSOLUTE
 OUTPUT-UNITS		ENGLISH
 TOOL-ORDER		INCREASING
 REPEAT-CODES		YES
 SUPPRESS-LEAD-ZEROES	YES
 SUPPRESS-TRAIL-ZEROES	NO
 SUPPRESS-EQUAL		YES
 TOOL-SELECT		NO
 HEADER			none
 LEADER			12
 CODE			ASCII
 SEPARATE		NO
 OPTIMIZE_DRILLING	NO
 ENHANCED_EXCELLON	NO
 SCALE			1.000000

 WARNING: Design precision is the same as that of the drill output file data.
          Data rounding errors may still be possible.
 WARNING: This design contains 6 slot holes that can NOT be drilled.
          They can be processed by NC routing instead.



 Drill files being output to directory 'D:/boards/101230CTC1_ctc072_Beagle_XM-Rev-C_nologo' ...



     'ncdrill-1-6.drl' created for holes connecting TOP and BOTTOM
     -------------------------------------------------------------

           Num     Size      +/- Tolerance     Plating   Quantity

            1.   8.0000    0.0000/  8.0000      PLATED       1030
            2.  12.0000    3.0000/  3.0000      PLATED         72
            3.  28.0000    3.0000/  3.0000      PLATED         64
            4.  30.0000    3.0000/  3.0000      PLATED          2
            5.  38.0000    3.0000/  3.0000      PLATED         14
            6.  40.0000    3.0000/  3.0000      PLATED         71
            7.  43.0000    3.0000/  3.0000      PLATED          8
            8.  51.0000    3.0000/  3.0000      PLATED          5
            9.  70.0000    3.0000/  3.0000      PLATED          2
           10.  90.0000    3.0000/  3.0000      PLATED          8
           11. 120.0000    3.0000/  3.0000      PLATED          2
           12. 156.0000    3.0000/  3.0000      PLATED          4
           13.  35.0000    3.0000/  3.0000  NON_PLATED          1
           14.  60.0000    3.0000/  3.0000  NON_PLATED          2
           15.  63.0000    3.0000/  3.0000  NON_PLATED          4
           16. 128.0000    3.0000/  3.0000  NON_PLATED          2

     ---- Total holes:                                       1291

     ---- Total head travel:              65.53 feet (19.97 meters)




     'ncdrill-1-2.drl' created for holes connecting TOP and LYR2-GND
     ---------------------------------------------------------------

           Num     Size      +/- Tolerance     Plating   Quantity

            1.   6.0000    0.0000/  6.0000      PLATED        174

     ---- Total holes:                                        174

     ---- Total head travel:              3.35 feet (1.02 meters)




     'ncdrill-1-3.drl' created for holes connecting TOP and LYR3-SIG
     ---------------------------------------------------------------

           Num     Size      +/- Tolerance     Plating   Quantity

            1.   6.0000    0.0000/  6.0000      PLATED        181

     ---- Total holes:                                        181

     ---- Total head travel:              5.24 feet (1.60 meters)

