(---------------------------------------------------------------------)
(                                                                     )
(    NC DRILL Log                                                     )
(                                                                     )
(    Drawing          : #Taaaaaa02064.tmp                             )
(    Software Version : 16.3S035                                      )
(    Date/Time        : Wed Aug 17 13:21:15 2011                      )
(                                                                     )
(---------------------------------------------------------------------)



 Processing NC Parameters file ...

 NC PARAMETERS
 -------------

 FORMAT   		3.5
 MACHINE-OFFSET		x:0.000000	y:0.000000
 FEEDRATE		1
 COORDINATES		ABSOLUTE
 OUTPUT-UNITS		ENGLISH
 TOOL-ORDER		INCREASING
 REPEAT-CODES		YES
 SUPPRESS-LEAD-ZEROES	NO
 SUPPRESS-TRAIL-ZEROES	NO
 SUPPRESS-EQUAL		NO
 TOOL-SELECT		YES
 HEADER			none
 LEADER			12
 CODE			ASCII
 SEPARATE		NO
 OPTIMIZE_DRILLING	NO
 ENHANCED_EXCELLON	YES
 SCALE			1.000000

 WARNING: Design precision is the same as that of the drill output file data.
          Data rounding errors may still be possible.
 WARNING: This design contains 6 slot holes that can NOT be drilled.
          They can be processed by NC routing instead.

 WARNING: Can't find tool file (nc_tools.txt)
          ... will auto-generate tool file (nc_tools_auto.txt)


     Auto-generating tool file nc_tools_auto.txt
     -------------------------------------------

           Size  Plating  Tool        + Tolerance  - Tolerance

           6.00  P        T01            0.000000     6.000000
           8.00  P        T02            0.000000     8.000000
          12.00  P        T03            3.000000     3.000000
          28.00  P        T04            3.000000     3.000000
          30.00  P        T05            3.000000     3.000000
          38.00  P        T06            3.000000     3.000000
          40.00  P        T07            3.000000     3.000000
          43.00  P        T08            3.000000     3.000000
          51.00  P        T09            3.000000     3.000000
          70.00  P        T10            3.000000     3.000000
          90.00  P        T11            3.000000     3.000000
         120.00  P        T12            3.000000     3.000000
         156.00  P        T13            3.000000     3.000000
          35.00  N        T14            3.000000     3.000000
          60.00  N        T15            3.000000     3.000000
          63.00  N        T16            3.000000     3.000000
         128.00  N        T17            3.000000     3.000000


 Drill files being output to directory 'C:/Cadwork/CircuitCo_ctc070_RevC1' ...



     'ctc070_RevC1-1-6.drl' created for holes connecting TOP and BOTTOM
     ------------------------------------------------------------------

     Tool  Num     Size      +/- Tolerance     Plating   Quantity

     T02    1.   8.0000    0.0000/  8.0000      PLATED       1030
     T03    2.  12.0000    3.0000/  3.0000      PLATED         72
     T04    3.  28.0000    3.0000/  3.0000      PLATED         64
     T05    4.  30.0000    3.0000/  3.0000      PLATED          2
     T06    5.  38.0000    3.0000/  3.0000      PLATED         14
     T07    6.  40.0000    3.0000/  3.0000      PLATED         71
     T08    7.  43.0000    3.0000/  3.0000      PLATED          8
     T09    8.  51.0000    3.0000/  3.0000      PLATED          5
     T10    9.  70.0000    3.0000/  3.0000      PLATED          2
     T11   10.  90.0000    3.0000/  3.0000      PLATED          8
     T12   11. 120.0000    3.0000/  3.0000      PLATED          2
     T13   12. 156.0000    3.0000/  3.0000      PLATED          4
     T14   13.  35.0000    3.0000/  3.0000  NON_PLATED          1
     T15   14.  60.0000    3.0000/  3.0000  NON_PLATED          2
     T16   15.  63.0000    3.0000/  3.0000  NON_PLATED          4
     T17   16. 128.0000    3.0000/  3.0000  NON_PLATED          2

     ---- Total holes:                                       1291

     ---- Total head travel:              65.53 feet (19.97 meters)




     'ctc070_RevC1-1-2.drl' created for holes connecting TOP and LYR2-GND
     --------------------------------------------------------------------

     Tool  Num     Size      +/- Tolerance     Plating   Quantity

     T01    1.   6.0000    0.0000/  6.0000      PLATED        174

     ---- Total holes:                                        174

     ---- Total head travel:              3.35 feet (1.02 meters)




     'ctc070_RevC1-1-3.drl' created for holes connecting TOP and LYR3-SIG
     --------------------------------------------------------------------

     Tool  Num     Size      +/- Tolerance     Plating   Quantity

     T01    1.   6.0000    0.0000/  6.0000      PLATED        181

     ---- Total holes:                                        181

     ---- Total head travel:              5.24 feet (1.60 meters)

